<?xml version="1.0" encoding="UTF-8"?>
<testsuite name="tracker.SampleTest" tests="1" skipped="0" failures="0" errors="0" timestamp="2023-05-13T19:37:21" hostname="HP-INDY" time="0.019">
  <properties/>
  <testcase name="test()" classname="tracker.SampleTest" time="0.019"/>
  <system-out><![CDATA[]]></system-out>
  <system-err><![CDATA[]]></system-err>
</testsuite>
