<?xml version="1.0" encoding="UTF-8"?>
<testsuite name="BullsCowsTest" tests="1" skipped="0" failures="0" errors="0" timestamp="2022-12-28T16:48:03" hostname="HP-INDY" time="2.043">
  <properties/>
  <testcase name="start" classname="BullsCowsTest" time="2.043"/>
  <system-out><![CDATA[?[1;31m
Start test 1?[0m
Input the length of the secret code:
> 1
Input the number of possible symbols in the code:
> 10
The secret is prepared: * (0-9).
Okay, let's start a game!
Turn 1:
> 0
Grade: None.
Turn 2:
> 1
Grade: None.
Turn 3:
> 2
Grade: None.
Turn 4:
> 3
Grade: None.
Turn 5:
> 4
Grade: 1 bull
Congratulations! You guessed the secret code.
?[1;31m
Start test 2?[0m
Input the length of the secret code:
> 4
Input the number of possible symbols in the code:
> 10
The secret is prepared: **** (0-9).
Okay, let's start a game!
Turn 1:
> 0000
Grade: None.
Turn 2:
> 1111
Grade: None.
Turn 3:
> 2222
Grade: 1 bull and 3 cows
Turn 4:
> 3333
Grade: None.
Turn 5:
> 4444
Grade: None.
Turn 6:
> 5555
Grade: None.
Turn 7:
> 6666
Grade: 1 bull and 3 cows
Turn 8:
> 7777
Grade: 1 bull and 3 cows
Turn 9:
> 8888
Grade: 1 bull and 3 cows
Turn 10:
> 2678
Grade: 1 bull and 3 cows
Turn 11:
> 6278
Grade: 4 cows
Turn 12:
> 7268
Grade: 4 cows
Turn 13:
> 2768
Grade: 2 bulls and 2 cows
Turn 14:
> 6728
Grade: 1 bull and 3 cows
Turn 15:
> 7628
Grade: 4 cows
Turn 16:
> 8627
Grade: 4 cows
Turn 17:
> 6827
Grade: 4 cows
Turn 18:
> 2867
Grade: 1 bull and 3 cows
Turn 19:
> 8267
Grade: 4 cows
Turn 20:
> 6287
Grade: 1 bull and 3 cows
Turn 21:
> 2687
Grade: 2 bulls and 2 cows
Turn 22:
> 2786
Grade: 4 bulls
Congratulations! You guessed the secret code.
?[1;31m
Start test 3?[0m
Input the length of the secret code:
> 6
Input the number of possible symbols in the code:
> 10
The secret is prepared: ****** (0-9).
Okay, let's start a game!
Turn 1:
> 000000
Grade: 1 bull and 5 cows
Turn 2:
> 111111
Grade: 1 bull and 5 cows
Turn 3:
> 222222
Grade: None.
Turn 4:
> 333333
Grade: None.
Turn 5:
> 444444
Grade: 1 bull and 5 cows
Turn 6:
> 555555
Grade: 1 bull and 5 cows
Turn 7:
> 666666
Grade: None.
Turn 8:
> 777777
Grade: 1 bull and 5 cows
Turn 9:
> 888888
Grade: 1 bull and 5 cows
Turn 10:
> 014578
Grade: 1 bull and 5 cows
Turn 11:
> 104578
Grade: 1 bull and 5 cows
Turn 12:
> 401578
Grade: 2 bulls and 4 cows
Turn 13:
> 041578
Grade: 2 bulls and 4 cows
Turn 14:
> 140578
Grade: 1 bull and 5 cows
Turn 15:
> 410578
Grade: 1 bull and 5 cows
Turn 16:
> 510478
Grade: 6 cows
Turn 17:
> 150478
Grade: 6 cows
Turn 18:
> 051478
Grade: 1 bull and 5 cows
Turn 19:
> 501478
Grade: 1 bull and 5 cows
Turn 20:
> 105478
Grade: 6 cows
Turn 21:
> 015478
Grade: 6 cows
Turn 22:
> 045178
Grade: 6 cows
Turn 23:
> 405178
Grade: 6 cows
Turn 24:
> 504178
Grade: 6 cows
Turn 25:
> 054178
Grade: 6 cows
Turn 26:
> 450178
Grade: 6 cows
Turn 27:
> 540178
Grade: 6 cows
Turn 28:
> 541078
Grade: 1 bull and 5 cows
Turn 29:
> 451078
Grade: 1 bull and 5 cows
Turn 30:
> 154078
Grade: 6 cows
Turn 31:
> 514078
Grade: 6 cows
Turn 32:
> 415078
Grade: 6 cows
Turn 33:
> 145078
Grade: 6 cows
Turn 34:
> 745018
Grade: 1 bull and 5 cows
Turn 35:
> 475018
Grade: 6 cows
Turn 36:
> 574018
Grade: 6 cows
Turn 37:
> 754018
Grade: 1 bull and 5 cows
Turn 38:
> 457018
Grade: 6 cows
Turn 39:
> 547018
Grade: 6 cows
Turn 40:
> 047518
Grade: 1 bull and 5 cows
Turn 41:
> 407518
Grade: 1 bull and 5 cows
Turn 42:
> 704518
Grade: 2 bulls and 4 cows
Turn 43:
> 074518
Grade: 1 bull and 5 cows
Turn 44:
> 470518
Grade: 1 bull and 5 cows
Turn 45:
> 740518
Grade: 2 bulls and 4 cows
Turn 46:
> 750418
Grade: 1 bull and 5 cows
Turn 47:
> 570418
Grade: 6 cows
Turn 48:
> 075418
Grade: 6 cows
Turn 49:
> 705418
Grade: 1 bull and 5 cows
Turn 50:
> 507418
Grade: 6 cows
Turn 51:
> 057418
Grade: 6 cows
Turn 52:
> 054718
Grade: 6 cows
Turn 53:
> 504718
Grade: 6 cows
Turn 54:
> 405718
Grade: 6 cows
Turn 55:
> 045718
Grade: 6 cows
Turn 56:
> 540718
Grade: 6 cows
Turn 57:
> 450718
Grade: 6 cows
Turn 58:
> 150748
Grade: 6 cows
Turn 59:
> 510748
Grade: 6 cows
Turn 60:
> 015748
Grade: 6 cows
Turn 61:
> 105748
Grade: 6 cows
Turn 62:
> 501748
Grade: 1 bull and 5 cows
Turn 63:
> 051748
Grade: 1 bull and 5 cows
Turn 64:
> 751048
Grade: 2 bulls and 4 cows
Turn 65:
> 571048
Grade: 1 bull and 5 cows
Turn 66:
> 175048
Grade: 6 cows
Turn 67:
> 715048
Grade: 1 bull and 5 cows
Turn 68:
> 517048
Grade: 6 cows
Turn 69:
> 157048
Grade: 6 cows
Turn 70:
> 107548
Grade: 1 bull and 5 cows
Turn 71:
> 017548
Grade: 1 bull and 5 cows
Turn 72:
> 710548
Grade: 2 bulls and 4 cows
Turn 73:
> 170548
Grade: 1 bull and 5 cows
Turn 74:
> 071548
Grade: 2 bulls and 4 cows
Turn 75:
> 701548
Grade: 3 bulls and 3 cows
Turn 76:
> 705148
Grade: 1 bull and 5 cows
Turn 77:
> 075148
Grade: 6 cows
Turn 78:
> 570148
Grade: 6 cows
Turn 79:
> 750148
Grade: 1 bull and 5 cows
Turn 80:
> 057148
Grade: 6 cows
Turn 81:
> 507148
Grade: 6 cows
Turn 82:
> 407158
Grade: 6 cows
Turn 83:
> 047158
Grade: 6 cows
Turn 84:
> 740158
Grade: 1 bull and 5 cows
Turn 85:
> 470158
Grade: 6 cows
Turn 86:
> 074158
Grade: 6 cows
Turn 87:
> 704158
Grade: 1 bull and 5 cows
Turn 88:
> 104758
Grade: 6 cows
Turn 89:
> 014758
Grade: 6 cows
Turn 90:
> 410758
Grade: 6 cows
Turn 91:
> 140758
Grade: 6 cows
Turn 92:
> 041758
Grade: 1 bull and 5 cows
Turn 93:
> 401758
Grade: 1 bull and 5 cows
Turn 94:
> 471058
Grade: 1 bull and 5 cows
Turn 95:
> 741058
Grade: 2 bulls and 4 cows
Turn 96:
> 147058
Grade: 6 cows
Turn 97:
> 417058
Grade: 6 cows
Turn 98:
> 714058
Grade: 1 bull and 5 cows
Turn 99:
> 174058
Grade: 6 cows
Turn 100:
> 170458
Grade: 6 cows
Turn 101:
> 710458
Grade: 1 bull and 5 cows
Turn 102:
> 017458
Grade: 6 cows
Turn 103:
> 107458
Grade: 6 cows
Turn 104:
> 701458
Grade: 2 bulls and 4 cows
Turn 105:
> 071458
Grade: 1 bull and 5 cows
Turn 106:
> 571408
Grade: 2 bulls and 4 cows
Turn 107:
> 751408
Grade: 3 bulls and 3 cows
Turn 108:
> 157408
Grade: 1 bull and 5 cows
Turn 109:
> 517408
Grade: 1 bull and 5 cows
Turn 110:
> 715408
Grade: 2 bulls and 4 cows
Turn 111:
> 175408
Grade: 1 bull and 5 cows
Turn 112:
> 475108
Grade: 1 bull and 5 cows
Turn 113:
> 745108
Grade: 2 bulls and 4 cows
Turn 114:
> 547108
Grade: 1 bull and 5 cows
Turn 115:
> 457108
Grade: 1 bull and 5 cows
Turn 116:
> 754108
Grade: 2 bulls and 4 cows
Turn 117:
> 574108
Grade: 1 bull and 5 cows
Turn 118:
> 514708
Grade: 1 bull and 5 cows
Turn 119:
> 154708
Grade: 1 bull and 5 cows
Turn 120:
> 451708
Grade: 2 bulls and 4 cows
Turn 121:
> 541708
Grade: 2 bulls and 4 cows
Turn 122:
> 145708
Grade: 1 bull and 5 cows
Turn 123:
> 415708
Grade: 1 bull and 5 cows
Turn 124:
> 417508
Grade: 2 bulls and 4 cows
Turn 125:
> 147508
Grade: 2 bulls and 4 cows
Turn 126:
> 741508
Grade: 4 bulls and 2 cows
Turn 127:
> 471508
Grade: 3 bulls and 3 cows
Turn 128:
> 174508
Grade: 2 bulls and 4 cows
Turn 129:
> 714508
Grade: 3 bulls and 3 cows
Turn 130:
> 814507
Grade: 2 bulls and 4 cows
Turn 131:
> 184507
Grade: 3 bulls and 3 cows
Turn 132:
> 481507
Grade: 4 bulls and 2 cows
Turn 133:
> 841507
Grade: 3 bulls and 3 cows
Turn 134:
> 148507
Grade: 2 bulls and 4 cows
Turn 135:
> 418507
Grade: 2 bulls and 4 cows
Turn 136:
> 518407
Grade: 1 bull and 5 cows
Turn 137:
> 158407
Grade: 1 bull and 5 cows
Turn 138:
> 851407
Grade: 2 bulls and 4 cows
Turn 139:
> 581407
Grade: 3 bulls and 3 cows
Turn 140:
> 185407
Grade: 2 bulls and 4 cows
Turn 141:
> 815407
Grade: 1 bull and 5 cows
Turn 142:
> 845107
Grade: 1 bull and 5 cows
Turn 143:
> 485107
Grade: 2 bulls and 4 cows
Turn 144:
> 584107
Grade: 2 bulls and 4 cows
Turn 145:
> 854107
Grade: 1 bull and 5 cows
Turn 146:
> 458107
Grade: 1 bull and 5 cows
Turn 147:
> 548107
Grade: 1 bull and 5 cows
Turn 148:
> 541807
Grade: 2 bulls and 4 cows
Turn 149:
> 451807
Grade: 2 bulls and 4 cows
Turn 150:
> 154807
Grade: 1 bull and 5 cows
Turn 151:
> 514807
Grade: 1 bull and 5 cows
Turn 152:
> 415807
Grade: 1 bull and 5 cows
Turn 153:
> 145807
Grade: 1 bull and 5 cows
Turn 154:
> 045817
Grade: 6 cows
Turn 155:
> 405817
Grade: 6 cows
Turn 156:
> 504817
Grade: 6 cows
Turn 157:
> 054817
Grade: 6 cows
Turn 158:
> 450817
Grade: 6 cows
Turn 159:
> 540817
Grade: 6 cows
Turn 160:
> 840517
Grade: 1 bull and 5 cows
Turn 161:
> 480517
Grade: 2 bulls and 4 cows
Turn 162:
> 084517
Grade: 2 bulls and 4 cows
Turn 163:
> 804517
Grade: 1 bull and 5 cows
Turn 164:
> 408517
Grade: 1 bull and 5 cows
Turn 165:
> 048517
Grade: 1 bull and 5 cows
Turn 166:
> 058417
Grade: 6 cows
Turn 167:
> 508417
Grade: 6 cows
Turn 168:
> 805417
Grade: 6 cows
Turn 169:
> 085417
Grade: 1 bull and 5 cows
Turn 170:
> 580417
Grade: 1 bull and 5 cows
Turn 171:
> 850417
Grade: 6 cows
Turn 172:
> 854017
Grade: 6 cows
Turn 173:
> 584017
Grade: 1 bull and 5 cows
Turn 174:
> 485017
Grade: 1 bull and 5 cows
Turn 175:
> 845017
Grade: 6 cows
Turn 176:
> 548017
Grade: 6 cows
Turn 177:
> 458017
Grade: 6 cows
Turn 178:
> 158047
Grade: 6 cows
Turn 179:
> 518047
Grade: 6 cows
Turn 180:
> 815047
Grade: 6 cows
Turn 181:
> 185047
Grade: 1 bull and 5 cows
Turn 182:
> 581047
Grade: 2 bulls and 4 cows
Turn 183:
> 851047
Grade: 1 bull and 5 cows
Turn 184:
> 051847
Grade: 1 bull and 5 cows
Turn 185:
> 501847
Grade: 1 bull and 5 cows
Turn 186:
> 105847
Grade: 6 cows
Turn 187:
> 015847
Grade: 6 cows
Turn 188:
> 510847
Grade: 6 cows
Turn 189:
> 150847
Grade: 6 cows
Turn 190:
> 180547
Grade: 2 bulls and 4 cows
Turn 191:
> 810547
Grade: 1 bull and 5 cows
Turn 192:
> 018547
Grade: 1 bull and 5 cows
Turn 193:
> 108547
Grade: 1 bull and 5 cows
Turn 194:
> 801547
Grade: 2 bulls and 4 cows
Turn 195:
> 081547
Grade: 3 bulls and 3 cows
Turn 196:
> 085147
Grade: 1 bull and 5 cows
Turn 197:
> 805147
Grade: 6 cows
Turn 198:
> 508147
Grade: 6 cows
Turn 199:
> 058147
Grade: 6 cows
Turn 200:
> 850147
Grade: 6 cows
Turn 201:
> 580147
Grade: 1 bull and 5 cows
Turn 202:
> 480157
Grade: 1 bull and 5 cows
Turn 203:
> 840157
Grade: 6 cows
Turn 204:
> 048157
Grade: 6 cows
Turn 205:
> 408157
Grade: 6 cows
Turn 206:
> 804157
Grade: 6 cows
Turn 207:
> 084157
Grade: 1 bull and 5 cows
Turn 208:
> 184057
Grade: 1 bull and 5 cows
Turn 209:
> 814057
Grade: 6 cows
Turn 210:
> 418057
Grade: 6 cows
Turn 211:
> 148057
Grade: 6 cows
Turn 212:
> 841057
Grade: 1 bull and 5 cows
Turn 213:
> 481057
Grade: 2 bulls and 4 cows
Turn 214:
> 401857
Grade: 1 bull and 5 cows
Turn 215:
> 041857
Grade: 1 bull and 5 cows
Turn 216:
> 140857
Grade: 6 cows
Turn 217:
> 410857
Grade: 6 cows
Turn 218:
> 014857
Grade: 6 cows
Turn 219:
> 104857
Grade: 6 cows
Turn 220:
> 108457
Grade: 6 cows
Turn 221:
> 018457
Grade: 6 cows
Turn 222:
> 810457
Grade: 6 cows
Turn 223:
> 180457
Grade: 1 bull and 5 cows
Turn 224:
> 081457
Grade: 2 bulls and 4 cows
Turn 225:
> 801457
Grade: 1 bull and 5 cows
Turn 226:
> 501487
Grade: 1 bull and 5 cows
Turn 227:
> 051487
Grade: 1 bull and 5 cows
Turn 228:
> 150487
Grade: 6 cows
Turn 229:
> 510487
Grade: 6 cows
Turn 230:
> 015487
Grade: 6 cows
Turn 231:
> 105487
Grade: 6 cows
Turn 232:
> 405187
Grade: 6 cows
Turn 233:
> 045187
Grade: 6 cows
Turn 234:
> 540187
Grade: 6 cows
Turn 235:
> 450187
Grade: 6 cows
Turn 236:
> 054187
Grade: 6 cows
Turn 237:
> 504187
Grade: 6 cows
Turn 238:
> 514087
Grade: 6 cows
Turn 239:
> 154087
Grade: 6 cows
Turn 240:
> 451087
Grade: 1 bull and 5 cows
Turn 241:
> 541087
Grade: 1 bull and 5 cows
Turn 242:
> 145087
Grade: 6 cows
Turn 243:
> 415087
Grade: 6 cows
Turn 244:
> 410587
Grade: 1 bull and 5 cows
Turn 245:
> 140587
Grade: 1 bull and 5 cows
Turn 246:
> 041587
Grade: 2 bulls and 4 cows
Turn 247:
> 401587
Grade: 2 bulls and 4 cows
Turn 248:
> 104587
Grade: 1 bull and 5 cows
Turn 249:
> 014587
Grade: 1 bull and 5 cows
Turn 250:
> 074581
Grade: 1 bull and 5 cows
Turn 251:
> 704581
Grade: 2 bulls and 4 cows
Turn 252:
> 407581
Grade: 1 bull and 5 cows
Turn 253:
> 047581
Grade: 1 bull and 5 cows
Turn 254:
> 740581
Grade: 2 bulls and 4 cows
Turn 255:
> 470581
Grade: 1 bull and 5 cows
Turn 256:
> 570481
Grade: 6 cows
Turn 257:
> 750481
Grade: 1 bull and 5 cows
Turn 258:
> 057481
Grade: 6 cows
Turn 259:
> 507481
Grade: 6 cows
Turn 260:
> 705481
Grade: 1 bull and 5 cows
Turn 261:
> 075481
Grade: 6 cows
Turn 262:
> 045781
Grade: 6 cows
Turn 263:
> 405781
Grade: 6 cows
Turn 264:
> 504781
Grade: 6 cows
Turn 265:
> 054781
Grade: 6 cows
Turn 266:
> 450781
Grade: 6 cows
Turn 267:
> 540781
Grade: 6 cows
Turn 268:
> 547081
Grade: 6 cows
Turn 269:
> 457081
Grade: 6 cows
Turn 270:
> 754081
Grade: 1 bull and 5 cows
Turn 271:
> 574081
Grade: 6 cows
Turn 272:
> 475081
Grade: 6 cows
Turn 273:
> 745081
Grade: 1 bull and 5 cows
Turn 274:
> 845071
Grade: 6 cows
Turn 275:
> 485071
Grade: 1 bull and 5 cows
Turn 276:
> 584071
Grade: 1 bull and 5 cows
Turn 277:
> 854071
Grade: 6 cows
Turn 278:
> 458071
Grade: 6 cows
Turn 279:
> 548071
Grade: 6 cows
Turn 280:
> 048571
Grade: 1 bull and 5 cows
Turn 281:
> 408571
Grade: 1 bull and 5 cows
Turn 282:
> 804571
Grade: 1 bull and 5 cows
Turn 283:
> 084571
Grade: 2 bulls and 4 cows
Turn 284:
> 480571
Grade: 2 bulls and 4 cows
Turn 285:
> 840571
Grade: 1 bull and 5 cows
Turn 286:
> 850471
Grade: 6 cows
Turn 287:
> 580471
Grade: 1 bull and 5 cows
Turn 288:
> 085471
Grade: 1 bull and 5 cows
Turn 289:
> 805471
Grade: 6 cows
Turn 290:
> 508471
Grade: 6 cows
Turn 291:
> 058471
Grade: 6 cows
Turn 292:
> 054871
Grade: 6 cows
Turn 293:
> 504871
Grade: 6 cows
Turn 294:
> 405871
Grade: 6 cows
Turn 295:
> 045871
Grade: 6 cows
Turn 296:
> 540871
Grade: 6 cows
Turn 297:
> 450871
Grade: 6 cows
Turn 298:
> 750841
Grade: 1 bull and 5 cows
Turn 299:
> 570841
Grade: 6 cows
Turn 300:
> 075841
Grade: 6 cows
Turn 301:
> 705841
Grade: 1 bull and 5 cows
Turn 302:
> 507841
Grade: 6 cows
Turn 303:
> 057841
Grade: 6 cows
Turn 304:
> 857041
Grade: 6 cows
Turn 305:
> 587041
Grade: 1 bull and 5 cows
Turn 306:
> 785041
Grade: 2 bulls and 4 cows
Turn 307:
> 875041
Grade: 6 cows
Turn 308:
> 578041
Grade: 6 cows
Turn 309:
> 758041
Grade: 1 bull and 5 cows
Turn 310:
> 708541
Grade: 2 bulls and 4 cows
Turn 311:
> 078541
Grade: 1 bull and 5 cows
Turn 312:
> 870541
Grade: 1 bull and 5 cows
Turn 313:
> 780541
Grade: 3 bulls and 3 cows
Turn 314:
> 087541
Grade: 2 bulls and 4 cows
Turn 315:
> 807541
Grade: 1 bull and 5 cows
Turn 316:
> 805741
Grade: 6 cows
Turn 317:
> 085741
Grade: 1 bull and 5 cows
Turn 318:
> 580741
Grade: 1 bull and 5 cows
Turn 319:
> 850741
Grade: 6 cows
Turn 320:
> 058741
Grade: 6 cows
Turn 321:
> 508741
Grade: 6 cows
Turn 322:
> 408751
Grade: 6 cows
Turn 323:
> 048751
Grade: 6 cows
Turn 324:
> 840751
Grade: 6 cows
Turn 325:
> 480751
Grade: 1 bull and 5 cows
Turn 326:
> 084751
Grade: 1 bull and 5 cows
Turn 327:
> 804751
Grade: 6 cows
Turn 328:
> 704851
Grade: 1 bull and 5 cows
Turn 329:
> 074851
Grade: 6 cows
Turn 330:
> 470851
Grade: 6 cows
Turn 331:
> 740851
Grade: 1 bull and 5 cows
Turn 332:
> 047851
Grade: 6 cows
Turn 333:
> 407851
Grade: 6 cows
Turn 334:
> 487051
Grade: 1 bull and 5 cows
Turn 335:
> 847051
Grade: 6 cows
Turn 336:
> 748051
Grade: 1 bull and 5 cows
Turn 337:
> 478051
Grade: 6 cows
Turn 338:
> 874051
Grade: 6 cows
Turn 339:
> 784051
Grade: 2 bulls and 4 cows
Turn 340:
> 780451
Grade: 2 bulls and 4 cows
Turn 341:
> 870451
Grade: 6 cows
Turn 342:
> 078451
Grade: 6 cows
Turn 343:
> 708451
Grade: 1 bull and 5 cows
Turn 344:
> 807451
Grade: 6 cows
Turn 345:
> 087451
Grade: 1 bull and 5 cows
Turn 346:
> 587401
Grade: 2 bulls and 4 cows
Turn 347:
> 857401
Grade: 1 bull and 5 cows
Turn 348:
> 758401
Grade: 2 bulls and 4 cows
Turn 349:
> 578401
Grade: 1 bull and 5 cows
Turn 350:
> 875401
Grade: 1 bull and 5 cows
Turn 351:
> 785401
Grade: 3 bulls and 3 cows
Turn 352:
> 485701
Grade: 2 bulls and 4 cows
Turn 353:
> 845701
Grade: 1 bull and 5 cows
Turn 354:
> 548701
Grade: 1 bull and 5 cows
Turn 355:
> 458701
Grade: 1 bull and 5 cows
Turn 356:
> 854701
Grade: 1 bull and 5 cows
Turn 357:
> 584701
Grade: 2 bulls and 4 cows
Turn 358:
> 574801
Grade: 1 bull and 5 cows
Turn 359:
> 754801
Grade: 2 bulls and 4 cows
Turn 360:
> 457801
Grade: 1 bull and 5 cows
Turn 361:
> 547801
Grade: 1 bull and 5 cows
Turn 362:
> 745801
Grade: 2 bulls and 4 cows
Turn 363:
> 475801
Grade: 1 bull and 5 cows
Turn 364:
> 478501
Grade: 2 bulls and 4 cows
Turn 365:
> 748501
Grade: 3 bulls and 3 cows
Turn 366:
> 847501
Grade: 2 bulls and 4 cows
Turn 367:
> 487501
Grade: 3 bulls and 3 cows
Turn 368:
> 784501
Grade: 4 bulls and 2 cows
Turn 369:
> 874501
Grade: 2 bulls and 4 cows
Turn 370:
> 871504
Grade: 4 bulls and 2 cows
Turn 371:
> 781504
Grade: 6 bulls
Congratulations! You guessed the secret code.
?[1;31m
Start test 4?[0m
Input the length of the secret code:
> 11
Input the number of possible symbols in the code:
> 10
?[1;31m
Start test 5?[0m
Input the length of the secret code:
> 4
Input the number of possible symbols in the code:
> 16
The secret is prepared: **** (0-9, a-f).
Okay, let's start a game!
Turn 1:
> 0000
Grade: None.
Turn 2:
> 1111
Grade: 1 bull and 3 cows
Turn 3:
> 2222
Grade: None.
Turn 4:
> 3333
Grade: None.
Turn 5:
> 4444
Grade: None.
Turn 6:
> 5555
Grade: None.
Turn 7:
> 6666
Grade: None.
Turn 8:
> 7777
Grade: None.
Turn 9:
> 8888
Grade: 1 bull and 3 cows
Turn 10:
> 9999
Grade: 1 bull and 3 cows
Turn 11:
> aaaa
Grade: 1 bull and 3 cows
Turn 12:
> 189a
Grade: 4 cows
Turn 13:
> 819a
Grade: 1 bull and 3 cows
Turn 14:
> 918a
Grade: 4 cows
Turn 15:
> 198a
Grade: 1 bull and 3 cows
Turn 16:
> 891a
Grade: 2 bulls and 2 cows
Turn 17:
> 981a
Grade: 4 cows
Turn 18:
> a819
Grade: 4 cows
Turn 19:
> 8a19
Grade: 1 bull and 3 cows
Turn 20:
> 1a89
Grade: 4 cows
Turn 21:
> a189
Grade: 4 cows
Turn 22:
> 81a9
Grade: 2 bulls and 2 cows
Turn 23:
> 18a9
Grade: 1 bull and 3 cows
Turn 24:
> 19a8
Grade: 2 bulls and 2 cows
Turn 25:
> 91a8
Grade: 1 bull and 3 cows
Turn 26:
> a198
Grade: 4 cows
Turn 27:
> 1a98
Grade: 4 cows
Turn 28:
> 9a18
Grade: 4 cows
Turn 29:
> a918
Grade: 1 bull and 3 cows
Turn 30:
> a981
Grade: 2 bulls and 2 cows
Turn 31:
> 9a81
Grade: 1 bull and 3 cows
Turn 32:
> 8a91
Grade: 2 bulls and 2 cows
Turn 33:
> a891
Grade: 1 bull and 3 cows
Turn 34:
> 98a1
Grade: 2 bulls and 2 cows
Turn 35:
> 89a1
Grade: 4 bulls
Congratulations! You guessed the secret code.
?[1;31m
Start test 6?[0m
Input the length of the secret code:
> 6
Input the number of possible symbols in the code:
> 36
The secret is prepared: ****** (0-9, a-z).
Okay, let's start a game!
Turn 1:
> 000000
Grade: None.
Turn 2:
> 111111
Grade: None.
Turn 3:
> 222222
Grade: None.
Turn 4:
> 333333
Grade: None.
Turn 5:
> 444444
Grade: None.
Turn 6:
> 555555
Grade: None.
Turn 7:
> 666666
Grade: None.
Turn 8:
> 777777
Grade: None.
Turn 9:
> 888888
Grade: None.
Turn 10:
> 999999
Grade: None.
Turn 11:
> aaaaaa
Grade: None.
Turn 12:
> bbbbbb
Grade: None.
Turn 13:
> cccccc
Grade: None.
Turn 14:
> dddddd
Grade: None.
Turn 15:
> eeeeee
Grade: None.
Turn 16:
> ffffff
Grade: None.
Turn 17:
> gggggg
Grade: 1 bull and 5 cows
Turn 18:
> hhhhhh
Grade: None.
Turn 19:
> iiiiii
Grade: None.
Turn 20:
> jjjjjj
Grade: None.
Turn 21:
> kkkkkk
Grade: 1 bull and 5 cows
Turn 22:
> llllll
Grade: None.
Turn 23:
> mmmmmm
Grade: None.
Turn 24:
> nnnnnn
Grade: 1 bull and 5 cows
Turn 25:
> oooooo
Grade: None.
Turn 26:
> pppppp
Grade: 1 bull and 5 cows
Turn 27:
> qqqqqq
Grade: None.
Turn 28:
> rrrrrr
Grade: None.
Turn 29:
> ssssss
Grade: None.
Turn 30:
> tttttt
Grade: None.
Turn 31:
> uuuuuu
Grade: None.
Turn 32:
> vvvvvv
Grade: None.
Turn 33:
> wwwwww
Grade: 1 bull and 5 cows
Turn 34:
> xxxxxx
Grade: 1 bull and 5 cows
Turn 35:
> gknpwx
Grade: 6 cows
Turn 36:
> kgnpwx
Grade: 6 cows
Turn 37:
> ngkpwx
Grade: 1 bull and 5 cows
Turn 38:
> gnkpwx
Grade: 6 cows
Turn 39:
> kngpwx
Grade: 6 cows
Turn 40:
> nkgpwx
Grade: 1 bull and 5 cows
Turn 41:
> pkgnwx
Grade: 6 cows
Turn 42:
> kpgnwx
Grade: 6 cows
Turn 43:
> gpknwx
Grade: 6 cows
Turn 44:
> pgknwx
Grade: 6 cows
Turn 45:
> kgpnwx
Grade: 6 cows
Turn 46:
> gkpnwx
Grade: 6 cows
Turn 47:
> gnpkwx
Grade: 6 cows
Turn 48:
> ngpkwx
Grade: 1 bull and 5 cows
Turn 49:
> pgnkwx
Grade: 6 cows
Turn 50:
> gpnkwx
Grade: 6 cows
Turn 51:
> npgkwx
Grade: 1 bull and 5 cows
Turn 52:
> pngkwx
Grade: 6 cows
Turn 53:
> pnkgwx
Grade: 1 bull and 5 cows
Turn 54:
> npkgwx
Grade: 2 bulls and 4 cows
Turn 55:
> kpngwx
Grade: 1 bull and 5 cows
Turn 56:
> pkngwx
Grade: 1 bull and 5 cows
Turn 57:
> nkpgwx
Grade: 2 bulls and 4 cows
Turn 58:
> knpgwx
Grade: 1 bull and 5 cows
Turn 59:
> wnpgkx
Grade: 2 bulls and 4 cows
Turn 60:
> nwpgkx
Grade: 4 bulls and 2 cows
Turn 61:
> pwngkx
Grade: 3 bulls and 3 cows
Turn 62:
> wpngkx
Grade: 2 bulls and 4 cows
Turn 63:
> npwgkx
Grade: 3 bulls and 3 cows
Turn 64:
> pnwgkx
Grade: 2 bulls and 4 cows
Turn 65:
> gnwpkx
Grade: 1 bull and 5 cows
Turn 66:
> ngwpkx
Grade: 2 bulls and 4 cows
Turn 67:
> wgnpkx
Grade: 1 bull and 5 cows
Turn 68:
> gwnpkx
Grade: 2 bulls and 4 cows
Turn 69:
> nwgpkx
Grade: 3 bulls and 3 cows
Turn 70:
> wngpkx
Grade: 1 bull and 5 cows
Turn 71:
> wpgnkx
Grade: 1 bull and 5 cows
Turn 72:
> pwgnkx
Grade: 2 bulls and 4 cows
Turn 73:
> gwpnkx
Grade: 2 bulls and 4 cows
Turn 74:
> wgpnkx
Grade: 1 bull and 5 cows
Turn 75:
> pgwnkx
Grade: 1 bull and 5 cows
Turn 76:
> gpwnkx
Grade: 1 bull and 5 cows
Turn 77:
> gpnwkx
Grade: 1 bull and 5 cows
Turn 78:
> pgnwkx
Grade: 1 bull and 5 cows
Turn 79:
> ngpwkx
Grade: 2 bulls and 4 cows
Turn 80:
> gnpwkx
Grade: 1 bull and 5 cows
Turn 81:
> pngwkx
Grade: 1 bull and 5 cows
Turn 82:
> npgwkx
Grade: 2 bulls and 4 cows
Turn 83:
> kpgwnx
Grade: 6 cows
Turn 84:
> pkgwnx
Grade: 6 cows
Turn 85:
> gkpwnx
Grade: 6 cows
Turn 86:
> kgpwnx
Grade: 6 cows
Turn 87:
> pgkwnx
Grade: 6 cows
Turn 88:
> gpkwnx
Grade: 6 cows
Turn 89:
> wpkgnx
Grade: 1 bull and 5 cows
Turn 90:
> pwkgnx
Grade: 2 bulls and 4 cows
Turn 91:
> kwpgnx
Grade: 2 bulls and 4 cows
Turn 92:
> wkpgnx
Grade: 1 bull and 5 cows
Turn 93:
> pkwgnx
Grade: 1 bull and 5 cows
Turn 94:
> kpwgnx
Grade: 1 bull and 5 cows
Turn 95:
> kgwpnx
Grade: 6 cows
Turn 96:
> gkwpnx
Grade: 6 cows
Turn 97:
> wkgpnx
Grade: 6 cows
Turn 98:
> kwgpnx
Grade: 1 bull and 5 cows
Turn 99:
> gwkpnx
Grade: 1 bull and 5 cows
Turn 100:
> wgkpnx
Grade: 6 cows
Turn 101:
> wgpknx
Grade: 6 cows
Turn 102:
> gwpknx
Grade: 1 bull and 5 cows
Turn 103:
> pwgknx
Grade: 1 bull and 5 cows
Turn 104:
> wpgknx
Grade: 6 cows
Turn 105:
> gpwknx
Grade: 6 cows
Turn 106:
> pgwknx
Grade: 6 cows
Turn 107:
> ngwkpx
Grade: 1 bull and 5 cows
Turn 108:
> gnwkpx
Grade: 6 cows
Turn 109:
> wngkpx
Grade: 6 cows
Turn 110:
> nwgkpx
Grade: 2 bulls and 4 cows
Turn 111:
> gwnkpx
Grade: 1 bull and 5 cows
Turn 112:
> wgnkpx
Grade: 6 cows
Turn 113:
> kgnwpx
Grade: 6 cows
Turn 114:
> gknwpx
Grade: 6 cows
Turn 115:
> nkgwpx
Grade: 1 bull and 5 cows
Turn 116:
> kngwpx
Grade: 6 cows
Turn 117:
> gnkwpx
Grade: 6 cows
Turn 118:
> ngkwpx
Grade: 1 bull and 5 cows
Turn 119:
> nwkgpx
Grade: 3 bulls and 3 cows
Turn 120:
> wnkgpx
Grade: 1 bull and 5 cows
Turn 121:
> knwgpx
Grade: 1 bull and 5 cows
Turn 122:
> nkwgpx
Grade: 2 bulls and 4 cows
Turn 123:
> wkngpx
Grade: 1 bull and 5 cows
Turn 124:
> kwngpx
Grade: 2 bulls and 4 cows
Turn 125:
> kwgnpx
Grade: 1 bull and 5 cows
Turn 126:
> wkgnpx
Grade: 6 cows
Turn 127:
> gkwnpx
Grade: 6 cows
Turn 128:
> kgwnpx
Grade: 6 cows
Turn 129:
> wgknpx
Grade: 6 cows
Turn 130:
> gwknpx
Grade: 1 bull and 5 cows
Turn 131:
> pwkngx
Grade: 1 bull and 5 cows
Turn 132:
> wpkngx
Grade: 6 cows
Turn 133:
> kpwngx
Grade: 6 cows
Turn 134:
> pkwngx
Grade: 6 cows
Turn 135:
> wkpngx
Grade: 6 cows
Turn 136:
> kwpngx
Grade: 1 bull and 5 cows
Turn 137:
> nwpkgx
Grade: 2 bulls and 4 cows
Turn 138:
> wnpkgx
Grade: 6 cows
Turn 139:
> pnwkgx
Grade: 6 cows
Turn 140:
> npwkgx
Grade: 1 bull and 5 cows
Turn 141:
> wpnkgx
Grade: 6 cows
Turn 142:
> pwnkgx
Grade: 1 bull and 5 cows
Turn 143:
> pknwgx
Grade: 6 cows
Turn 144:
> kpnwgx
Grade: 6 cows
Turn 145:
> npkwgx
Grade: 1 bull and 5 cows
Turn 146:
> pnkwgx
Grade: 6 cows
Turn 147:
> knpwgx
Grade: 6 cows
Turn 148:
> nkpwgx
Grade: 1 bull and 5 cows
Turn 149:
> nkwpgx
Grade: 1 bull and 5 cows
Turn 150:
> knwpgx
Grade: 6 cows
Turn 151:
> wnkpgx
Grade: 6 cows
Turn 152:
> nwkpgx
Grade: 2 bulls and 4 cows
Turn 153:
> kwnpgx
Grade: 1 bull and 5 cows
Turn 154:
> wknpgx
Grade: 6 cows
Turn 155:
> xknpgw
Grade: 6 cows
Turn 156:
> kxnpgw
Grade: 6 cows
Turn 157:
> nxkpgw
Grade: 1 bull and 5 cows
Turn 158:
> xnkpgw
Grade: 6 cows
Turn 159:
> knxpgw
Grade: 1 bull and 5 cows
Turn 160:
> nkxpgw
Grade: 2 bulls and 4 cows
Turn 161:
> pkxngw
Grade: 1 bull and 5 cows
Turn 162:
> kpxngw
Grade: 1 bull and 5 cows
Turn 163:
> xpkngw
Grade: 6 cows
Turn 164:
> pxkngw
Grade: 6 cows
Turn 165:
> kxpngw
Grade: 6 cows
Turn 166:
> xkpngw
Grade: 6 cows
Turn 167:
> xnpkgw
Grade: 6 cows
Turn 168:
> nxpkgw
Grade: 1 bull and 5 cows
Turn 169:
> pxnkgw
Grade: 6 cows
Turn 170:
> xpnkgw
Grade: 6 cows
Turn 171:
> npxkgw
Grade: 2 bulls and 4 cows
Turn 172:
> pnxkgw
Grade: 1 bull and 5 cows
Turn 173:
> pnkxgw
Grade: 6 cows
Turn 174:
> npkxgw
Grade: 1 bull and 5 cows
Turn 175:
> kpnxgw
Grade: 6 cows
Turn 176:
> pknxgw
Grade: 6 cows
Turn 177:
> nkpxgw
Grade: 1 bull and 5 cows
Turn 178:
> knpxgw
Grade: 6 cows
Turn 179:
> gnpxkw
Grade: 1 bull and 5 cows
Turn 180:
> ngpxkw
Grade: 2 bulls and 4 cows
Turn 181:
> pgnxkw
Grade: 1 bull and 5 cows
Turn 182:
> gpnxkw
Grade: 1 bull and 5 cows
Turn 183:
> npgxkw
Grade: 2 bulls and 4 cows
Turn 184:
> pngxkw
Grade: 1 bull and 5 cows
Turn 185:
> xngpkw
Grade: 1 bull and 5 cows
Turn 186:
> nxgpkw
Grade: 2 bulls and 4 cows
Turn 187:
> gxnpkw
Grade: 1 bull and 5 cows
Turn 188:
> xgnpkw
Grade: 1 bull and 5 cows
Turn 189:
> ngxpkw
Grade: 3 bulls and 3 cows
Turn 190:
> gnxpkw
Grade: 2 bulls and 4 cows
Turn 191:
> gpxnkw
Grade: 2 bulls and 4 cows
Turn 192:
> pgxnkw
Grade: 2 bulls and 4 cows
Turn 193:
> xgpnkw
Grade: 1 bull and 5 cows
Turn 194:
> gxpnkw
Grade: 1 bull and 5 cows
Turn 195:
> pxgnkw
Grade: 1 bull and 5 cows
Turn 196:
> xpgnkw
Grade: 1 bull and 5 cows
Turn 197:
> xpngkw
Grade: 2 bulls and 4 cows
Turn 198:
> pxngkw
Grade: 2 bulls and 4 cows
Turn 199:
> nxpgkw
Grade: 3 bulls and 3 cows
Turn 200:
> xnpgkw
Grade: 2 bulls and 4 cows
Turn 201:
> pnxgkw
Grade: 3 bulls and 3 cows
Turn 202:
> npxgkw
Grade: 4 bulls and 2 cows
Turn 203:
> kpxgnw
Grade: 2 bulls and 4 cows
Turn 204:
> pkxgnw
Grade: 2 bulls and 4 cows
Turn 205:
> xkpgnw
Grade: 1 bull and 5 cows
Turn 206:
> kxpgnw
Grade: 1 bull and 5 cows
Turn 207:
> pxkgnw
Grade: 1 bull and 5 cows
Turn 208:
> xpkgnw
Grade: 1 bull and 5 cows
Turn 209:
> gpkxnw
Grade: 6 cows
Turn 210:
> pgkxnw
Grade: 6 cows
Turn 211:
> kgpxnw
Grade: 6 cows
Turn 212:
> gkpxnw
Grade: 6 cows
Turn 213:
> pkgxnw
Grade: 6 cows
Turn 214:
> kpgxnw
Grade: 6 cows
Turn 215:
> kxgpnw
Grade: 6 cows
Turn 216:
> xkgpnw
Grade: 6 cows
Turn 217:
> gkxpnw
Grade: 1 bull and 5 cows
Turn 218:
> kgxpnw
Grade: 1 bull and 5 cows
Turn 219:
> xgkpnw
Grade: 6 cows
Turn 220:
> gxkpnw
Grade: 6 cows
Turn 221:
> gxpknw
Grade: 6 cows
Turn 222:
> xgpknw
Grade: 6 cows
Turn 223:
> pgxknw
Grade: 1 bull and 5 cows
Turn 224:
> gpxknw
Grade: 1 bull and 5 cows
Turn 225:
> xpgknw
Grade: 6 cows
Turn 226:
> pxgknw
Grade: 6 cows
Turn 227:
> nxgkpw
Grade: 1 bull and 5 cows
Turn 228:
> xngkpw
Grade: 6 cows
Turn 229:
> gnxkpw
Grade: 1 bull and 5 cows
Turn 230:
> ngxkpw
Grade: 2 bulls and 4 cows
Turn 231:
> xgnkpw
Grade: 6 cows
Turn 232:
> gxnkpw
Grade: 6 cows
Turn 233:
> kxngpw
Grade: 1 bull and 5 cows
Turn 234:
> xkngpw
Grade: 1 bull and 5 cows
Turn 235:
> nkxgpw
Grade: 3 bulls and 3 cows
Turn 236:
> knxgpw
Grade: 2 bulls and 4 cows
Turn 237:
> xnkgpw
Grade: 1 bull and 5 cows
Turn 238:
> nxkgpw
Grade: 2 bulls and 4 cows
Turn 239:
> ngkxpw
Grade: 1 bull and 5 cows
Turn 240:
> gnkxpw
Grade: 6 cows
Turn 241:
> kngxpw
Grade: 6 cows
Turn 242:
> nkgxpw
Grade: 1 bull and 5 cows
Turn 243:
> gknxpw
Grade: 6 cows
Turn 244:
> kgnxpw
Grade: 6 cows
Turn 245:
> kgxnpw
Grade: 1 bull and 5 cows
Turn 246:
> gkxnpw
Grade: 1 bull and 5 cows
Turn 247:
> xkgnpw
Grade: 6 cows
Turn 248:
> kxgnpw
Grade: 6 cows
Turn 249:
> gxknpw
Grade: 6 cows
Turn 250:
> xgknpw
Grade: 6 cows
Turn 251:
> pgknxw
Grade: 6 cows
Turn 252:
> gpknxw
Grade: 6 cows
Turn 253:
> kpgnxw
Grade: 6 cows
Turn 254:
> pkgnxw
Grade: 6 cows
Turn 255:
> gkpnxw
Grade: 6 cows
Turn 256:
> kgpnxw
Grade: 6 cows
Turn 257:
> ngpkxw
Grade: 1 bull and 5 cows
Turn 258:
> gnpkxw
Grade: 6 cows
Turn 259:
> pngkxw
Grade: 6 cows
Turn 260:
> npgkxw
Grade: 1 bull and 5 cows
Turn 261:
> gpnkxw
Grade: 6 cows
Turn 262:
> pgnkxw
Grade: 6 cows
Turn 263:
> pkngxw
Grade: 1 bull and 5 cows
Turn 264:
> kpngxw
Grade: 1 bull and 5 cows
Turn 265:
> npkgxw
Grade: 2 bulls and 4 cows
Turn 266:
> pnkgxw
Grade: 1 bull and 5 cows
Turn 267:
> knpgxw
Grade: 1 bull and 5 cows
Turn 268:
> nkpgxw
Grade: 2 bulls and 4 cows
Turn 269:
> nkgpxw
Grade: 1 bull and 5 cows
Turn 270:
> kngpxw
Grade: 6 cows
Turn 271:
> gnkpxw
Grade: 6 cows
Turn 272:
> ngkpxw
Grade: 1 bull and 5 cows
Turn 273:
> kgnpxw
Grade: 6 cows
Turn 274:
> gknpxw
Grade: 6 cows
Turn 275:
> gwnpxk
Grade: 1 bull and 5 cows
Turn 276:
> wgnpxk
Grade: 6 cows
Turn 277:
> ngwpxk
Grade: 1 bull and 5 cows
Turn 278:
> gnwpxk
Grade: 6 cows
Turn 279:
> wngpxk
Grade: 6 cows
Turn 280:
> nwgpxk
Grade: 2 bulls and 4 cows
Turn 281:
> pwgnxk
Grade: 1 bull and 5 cows
Turn 282:
> wpgnxk
Grade: 6 cows
Turn 283:
> gpwnxk
Grade: 6 cows
Turn 284:
> pgwnxk
Grade: 6 cows
Turn 285:
> wgpnxk
Grade: 6 cows
Turn 286:
> gwpnxk
Grade: 1 bull and 5 cows
Turn 287:
> gnpwxk
Grade: 6 cows
Turn 288:
> ngpwxk
Grade: 1 bull and 5 cows
Turn 289:
> pgnwxk
Grade: 6 cows
Turn 290:
> gpnwxk
Grade: 6 cows
Turn 291:
> npgwxk
Grade: 1 bull and 5 cows
Turn 292:
> pngwxk
Grade: 6 cows
Turn 293:
> pnwgxk
Grade: 1 bull and 5 cows
Turn 294:
> npwgxk
Grade: 2 bulls and 4 cows
Turn 295:
> wpngxk
Grade: 1 bull and 5 cows
Turn 296:
> pwngxk
Grade: 2 bulls and 4 cows
Turn 297:
> nwpgxk
Grade: 3 bulls and 3 cows
Turn 298:
> wnpgxk
Grade: 1 bull and 5 cows
Turn 299:
> xnpgwk
Grade: 1 bull and 5 cows
Turn 300:
> nxpgwk
Grade: 2 bulls and 4 cows
Turn 301:
> pxngwk
Grade: 1 bull and 5 cows
Turn 302:
> xpngwk
Grade: 1 bull and 5 cows
Turn 303:
> npxgwk
Grade: 3 bulls and 3 cows
Turn 304:
> pnxgwk
Grade: 2 bulls and 4 cows
Turn 305:
> gnxpwk
Grade: 1 bull and 5 cows
Turn 306:
> ngxpwk
Grade: 2 bulls and 4 cows
Turn 307:
> xgnpwk
Grade: 6 cows
Turn 308:
> gxnpwk
Grade: 6 cows
Turn 309:
> nxgpwk
Grade: 1 bull and 5 cows
Turn 310:
> xngpwk
Grade: 6 cows
Turn 311:
> xpgnwk
Grade: 6 cows
Turn 312:
> pxgnwk
Grade: 6 cows
Turn 313:
> gxpnwk
Grade: 6 cows
Turn 314:
> xgpnwk
Grade: 6 cows
Turn 315:
> pgxnwk
Grade: 1 bull and 5 cows
Turn 316:
> gpxnwk
Grade: 1 bull and 5 cows
Turn 317:
> gpnxwk
Grade: 6 cows
Turn 318:
> pgnxwk
Grade: 6 cows
Turn 319:
> ngpxwk
Grade: 1 bull and 5 cows
Turn 320:
> gnpxwk
Grade: 6 cows
Turn 321:
> pngxwk
Grade: 6 cows
Turn 322:
> npgxwk
Grade: 1 bull and 5 cows
Turn 323:
> wpgxnk
Grade: 6 cows
Turn 324:
> pwgxnk
Grade: 1 bull and 5 cows
Turn 325:
> gwpxnk
Grade: 1 bull and 5 cows
Turn 326:
> wgpxnk
Grade: 6 cows
Turn 327:
> pgwxnk
Grade: 6 cows
Turn 328:
> gpwxnk
Grade: 6 cows
Turn 329:
> xpwgnk
Grade: 1 bull and 5 cows
Turn 330:
> pxwgnk
Grade: 1 bull and 5 cows
Turn 331:
> wxpgnk
Grade: 1 bull and 5 cows
Turn 332:
> xwpgnk
Grade: 2 bulls and 4 cows
Turn 333:
> pwxgnk
Grade: 3 bulls and 3 cows
Turn 334:
> wpxgnk
Grade: 2 bulls and 4 cows
Turn 335:
> wgxpnk
Grade: 1 bull and 5 cows
Turn 336:
> gwxpnk
Grade: 2 bulls and 4 cows
Turn 337:
> xwgpnk
Grade: 1 bull and 5 cows
Turn 338:
> wxgpnk
Grade: 6 cows
Turn 339:
> gxwpnk
Grade: 6 cows
Turn 340:
> xgwpnk
Grade: 6 cows
Turn 341:
> xgpwnk
Grade: 6 cows
Turn 342:
> gxpwnk
Grade: 6 cows
Turn 343:
> pxgwnk
Grade: 6 cows
Turn 344:
> xpgwnk
Grade: 6 cows
Turn 345:
> gpxwnk
Grade: 1 bull and 5 cows
Turn 346:
> pgxwnk
Grade: 1 bull and 5 cows
Turn 347:
> ngxwpk
Grade: 2 bulls and 4 cows
Turn 348:
> gnxwpk
Grade: 1 bull and 5 cows
Turn 349:
> xngwpk
Grade: 6 cows
Turn 350:
> nxgwpk
Grade: 1 bull and 5 cows
Turn 351:
> gxnwpk
Grade: 6 cows
Turn 352:
> xgnwpk
Grade: 6 cows
Turn 353:
> wgnxpk
Grade: 6 cows
Turn 354:
> gwnxpk
Grade: 1 bull and 5 cows
Turn 355:
> nwgxpk
Grade: 2 bulls and 4 cows
Turn 356:
> wngxpk
Grade: 6 cows
Turn 357:
> gnwxpk
Grade: 6 cows
Turn 358:
> ngwxpk
Grade: 1 bull and 5 cows
Turn 359:
> nxwgpk
Grade: 2 bulls and 4 cows
Turn 360:
> xnwgpk
Grade: 1 bull and 5 cows
Turn 361:
> wnxgpk
Grade: 2 bulls and 4 cows
Turn 362:
> nwxgpk
Grade: 4 bulls and 2 cows
Turn 363:
> xwngpk
Grade: 2 bulls and 4 cows
Turn 364:
> wxngpk
Grade: 1 bull and 5 cows
Turn 365:
> wxgnpk
Grade: 6 cows
Turn 366:
> xwgnpk
Grade: 1 bull and 5 cows
Turn 367:
> gwxnpk
Grade: 2 bulls and 4 cows
Turn 368:
> wgxnpk
Grade: 1 bull and 5 cows
Turn 369:
> xgwnpk
Grade: 6 cows
Turn 370:
> gxwnpk
Grade: 6 cows
Turn 371:
> pxwngk
Grade: 6 cows
Turn 372:
> xpwngk
Grade: 6 cows
Turn 373:
> wpxngk
Grade: 1 bull and 5 cows
Turn 374:
> pwxngk
Grade: 2 bulls and 4 cows
Turn 375:
> xwpngk
Grade: 1 bull and 5 cows
Turn 376:
> wxpngk
Grade: 6 cows
Turn 377:
> nxpwgk
Grade: 1 bull and 5 cows
Turn 378:
> xnpwgk
Grade: 6 cows
Turn 379:
> pnxwgk
Grade: 1 bull and 5 cows
Turn 380:
> npxwgk
Grade: 2 bulls and 4 cows
Turn 381:
> xpnwgk
Grade: 6 cows
Turn 382:
> pxnwgk
Grade: 6 cows
Turn 383:
> pwnxgk
Grade: 1 bull and 5 cows
Turn 384:
> wpnxgk
Grade: 6 cows
Turn 385:
> npwxgk
Grade: 1 bull and 5 cows
Turn 386:
> pnwxgk
Grade: 6 cows
Turn 387:
> wnpxgk
Grade: 6 cows
Turn 388:
> nwpxgk
Grade: 2 bulls and 4 cows
Turn 389:
> nwxpgk
Grade: 3 bulls and 3 cows
Turn 390:
> wnxpgk
Grade: 1 bull and 5 cows
Turn 391:
> xnwpgk
Grade: 6 cows
Turn 392:
> nxwpgk
Grade: 1 bull and 5 cows
Turn 393:
> wxnpgk
Grade: 6 cows
Turn 394:
> xwnpgk
Grade: 1 bull and 5 cows
Turn 395:
> xwkpgn
Grade: 1 bull and 5 cows
Turn 396:
> wxkpgn
Grade: 6 cows
Turn 397:
> kxwpgn
Grade: 6 cows
Turn 398:
> xkwpgn
Grade: 6 cows
Turn 399:
> wkxpgn
Grade: 1 bull and 5 cows
Turn 400:
> kwxpgn
Grade: 2 bulls and 4 cows
Turn 401:
> pwxkgn
Grade: 2 bulls and 4 cows
Turn 402:
> wpxkgn
Grade: 1 bull and 5 cows
Turn 403:
> xpwkgn
Grade: 6 cows
Turn 404:
> pxwkgn
Grade: 6 cows
Turn 405:
> wxpkgn
Grade: 6 cows
Turn 406:
> xwpkgn
Grade: 1 bull and 5 cows
Turn 407:
> xkpwgn
Grade: 6 cows
Turn 408:
> kxpwgn
Grade: 6 cows
Turn 409:
> pxkwgn
Grade: 6 cows
Turn 410:
> xpkwgn
Grade: 6 cows
Turn 411:
> kpxwgn
Grade: 1 bull and 5 cows
Turn 412:
> pkxwgn
Grade: 1 bull and 5 cows
Turn 413:
> pkwxgn
Grade: 6 cows
Turn 414:
> kpwxgn
Grade: 6 cows
Turn 415:
> wpkxgn
Grade: 6 cows
Turn 416:
> pwkxgn
Grade: 1 bull and 5 cows
Turn 417:
> kwpxgn
Grade: 1 bull and 5 cows
Turn 418:
> wkpxgn
Grade: 6 cows
Turn 419:
> gkpxwn
Grade: 6 cows
Turn 420:
> kgpxwn
Grade: 6 cows
Turn 421:
> pgkxwn
Grade: 6 cows
Turn 422:
> gpkxwn
Grade: 6 cows
Turn 423:
> kpgxwn
Grade: 6 cows
Turn 424:
> pkgxwn
Grade: 6 cows
Turn 425:
> xkgpwn
Grade: 6 cows
Turn 426:
> kxgpwn
Grade: 6 cows
Turn 427:
> gxkpwn
Grade: 6 cows
Turn 428:
> xgkpwn
Grade: 6 cows
Turn 429:
> kgxpwn
Grade: 1 bull and 5 cows
Turn 430:
> gkxpwn
Grade: 1 bull and 5 cows
Turn 431:
> gpxkwn
Grade: 1 bull and 5 cows
Turn 432:
> pgxkwn
Grade: 1 bull and 5 cows
Turn 433:
> xgpkwn
Grade: 6 cows
Turn 434:
> gxpkwn
Grade: 6 cows
Turn 435:
> pxgkwn
Grade: 6 cows
Turn 436:
> xpgkwn
Grade: 6 cows
Turn 437:
> xpkgwn
Grade: 1 bull and 5 cows
Turn 438:
> pxkgwn
Grade: 1 bull and 5 cows
Turn 439:
> kxpgwn
Grade: 1 bull and 5 cows
Turn 440:
> xkpgwn
Grade: 1 bull and 5 cows
Turn 441:
> pkxgwn
Grade: 2 bulls and 4 cows
Turn 442:
> kpxgwn
Grade: 2 bulls and 4 cows
Turn 443:
> wpxgkn
Grade: 3 bulls and 3 cows
Turn 444:
> pwxgkn
Grade: 4 bulls and 2 cows
Turn 445:
> xwpgkn
Grade: 3 bulls and 3 cows
Turn 446:
> wxpgkn
Grade: 2 bulls and 4 cows
Turn 447:
> pxwgkn
Grade: 2 bulls and 4 cows
Turn 448:
> xpwgkn
Grade: 2 bulls and 4 cows
Turn 449:
> gpwxkn
Grade: 1 bull and 5 cows
Turn 450:
> pgwxkn
Grade: 1 bull and 5 cows
Turn 451:
> wgpxkn
Grade: 1 bull and 5 cows
Turn 452:
> gwpxkn
Grade: 2 bulls and 4 cows
Turn 453:
> pwgxkn
Grade: 2 bulls and 4 cows
Turn 454:
> wpgxkn
Grade: 1 bull and 5 cows
Turn 455:
> wxgpkn
Grade: 1 bull and 5 cows
Turn 456:
> xwgpkn
Grade: 2 bulls and 4 cows
Turn 457:
> gwxpkn
Grade: 3 bulls and 3 cows
Turn 458:
> wgxpkn
Grade: 2 bulls and 4 cows
Turn 459:
> xgwpkn
Grade: 1 bull and 5 cows
Turn 460:
> gxwpkn
Grade: 1 bull and 5 cows
Turn 461:
> gxpwkn
Grade: 1 bull and 5 cows
Turn 462:
> xgpwkn
Grade: 1 bull and 5 cows
Turn 463:
> pgxwkn
Grade: 2 bulls and 4 cows
Turn 464:
> gpxwkn
Grade: 2 bulls and 4 cows
Turn 465:
> xpgwkn
Grade: 1 bull and 5 cows
Turn 466:
> pxgwkn
Grade: 1 bull and 5 cows
Turn 467:
> kxgwpn
Grade: 6 cows
Turn 468:
> xkgwpn
Grade: 6 cows
Turn 469:
> gkxwpn
Grade: 1 bull and 5 cows
Turn 470:
> kgxwpn
Grade: 1 bull and 5 cows
Turn 471:
> xgkwpn
Grade: 6 cows
Turn 472:
> gxkwpn
Grade: 6 cows
Turn 473:
> wxkgpn
Grade: 1 bull and 5 cows
Turn 474:
> xwkgpn
Grade: 2 bulls and 4 cows
Turn 475:
> kwxgpn
Grade: 3 bulls and 3 cows
Turn 476:
> wkxgpn
Grade: 2 bulls and 4 cows
Turn 477:
> xkwgpn
Grade: 1 bull and 5 cows
Turn 478:
> kxwgpn
Grade: 1 bull and 5 cows
Turn 479:
> kgwxpn
Grade: 6 cows
Turn 480:
> gkwxpn
Grade: 6 cows
Turn 481:
> wkgxpn
Grade: 6 cows
Turn 482:
> kwgxpn
Grade: 1 bull and 5 cows
Turn 483:
> gwkxpn
Grade: 1 bull and 5 cows
Turn 484:
> wgkxpn
Grade: 6 cows
Turn 485:
> wgxkpn
Grade: 1 bull and 5 cows
Turn 486:
> gwxkpn
Grade: 2 bulls and 4 cows
Turn 487:
> xwgkpn
Grade: 1 bull and 5 cows
Turn 488:
> wxgkpn
Grade: 6 cows
Turn 489:
> gxwkpn
Grade: 6 cows
Turn 490:
> xgwkpn
Grade: 6 cows
Turn 491:
> pgwkxn
Grade: 6 cows
Turn 492:
> gpwkxn
Grade: 6 cows
Turn 493:
> wpgkxn
Grade: 6 cows
Turn 494:
> pwgkxn
Grade: 1 bull and 5 cows
Turn 495:
> gwpkxn
Grade: 1 bull and 5 cows
Turn 496:
> wgpkxn
Grade: 6 cows
Turn 497:
> kgpwxn
Grade: 6 cows
Turn 498:
> gkpwxn
Grade: 6 cows
Turn 499:
> pkgwxn
Grade: 6 cows
Turn 500:
> kpgwxn
Grade: 6 cows
Turn 501:
> gpkwxn
Grade: 6 cows
Turn 502:
> pgkwxn
Grade: 6 cows
Turn 503:
> pwkgxn
Grade: 2 bulls and 4 cows
Turn 504:
> wpkgxn
Grade: 1 bull and 5 cows
Turn 505:
> kpwgxn
Grade: 1 bull and 5 cows
Turn 506:
> pkwgxn
Grade: 1 bull and 5 cows
Turn 507:
> wkpgxn
Grade: 1 bull and 5 cows
Turn 508:
> kwpgxn
Grade: 2 bulls and 4 cows
Turn 509:
> kwgpxn
Grade: 1 bull and 5 cows
Turn 510:
> wkgpxn
Grade: 6 cows
Turn 511:
> gkwpxn
Grade: 6 cows
Turn 512:
> kgwpxn
Grade: 6 cows
Turn 513:
> wgkpxn
Grade: 6 cows
Turn 514:
> gwkpxn
Grade: 1 bull and 5 cows
Turn 515:
> gwknxp
Grade: 2 bulls and 4 cows
Turn 516:
> wgknxp
Grade: 1 bull and 5 cows
Turn 517:
> kgwnxp
Grade: 1 bull and 5 cows
Turn 518:
> gkwnxp
Grade: 1 bull and 5 cows
Turn 519:
> wkgnxp
Grade: 1 bull and 5 cows
Turn 520:
> kwgnxp
Grade: 2 bulls and 4 cows
Turn 521:
> nwgkxp
Grade: 3 bulls and 3 cows
Turn 522:
> wngkxp
Grade: 1 bull and 5 cows
Turn 523:
> gnwkxp
Grade: 1 bull and 5 cows
Turn 524:
> ngwkxp
Grade: 2 bulls and 4 cows
Turn 525:
> wgnkxp
Grade: 1 bull and 5 cows
Turn 526:
> gwnkxp
Grade: 2 bulls and 4 cows
Turn 527:
> gknwxp
Grade: 1 bull and 5 cows
Turn 528:
> kgnwxp
Grade: 1 bull and 5 cows
Turn 529:
> ngkwxp
Grade: 2 bulls and 4 cows
Turn 530:
> gnkwxp
Grade: 1 bull and 5 cows
Turn 531:
> kngwxp
Grade: 1 bull and 5 cows
Turn 532:
> nkgwxp
Grade: 2 bulls and 4 cows
Turn 533:
> nkwgxp
Grade: 3 bulls and 3 cows
Turn 534:
> knwgxp
Grade: 2 bulls and 4 cows
Turn 535:
> wnkgxp
Grade: 2 bulls and 4 cows
Turn 536:
> nwkgxp
Grade: 4 bulls and 2 cows
Turn 537:
> kwngxp
Grade: 3 bulls and 3 cows
Turn 538:
> wkngxp
Grade: 2 bulls and 4 cows
Turn 539:
> xkngwp
Grade: 2 bulls and 4 cows
Turn 540:
> kxngwp
Grade: 2 bulls and 4 cows
Turn 541:
> nxkgwp
Grade: 3 bulls and 3 cows
Turn 542:
> xnkgwp
Grade: 2 bulls and 4 cows
Turn 543:
> knxgwp
Grade: 3 bulls and 3 cows
Turn 544:
> nkxgwp
Grade: 4 bulls and 2 cows
Turn 545:
> gkxnwp
Grade: 2 bulls and 4 cows
Turn 546:
> kgxnwp
Grade: 2 bulls and 4 cows
Turn 547:
> xgknwp
Grade: 1 bull and 5 cows
Turn 548:
> gxknwp
Grade: 1 bull and 5 cows
Turn 549:
> kxgnwp
Grade: 1 bull and 5 cows
Turn 550:
> xkgnwp
Grade: 1 bull and 5 cows
Turn 551:
> xngkwp
Grade: 1 bull and 5 cows
Turn 552:
> nxgkwp
Grade: 2 bulls and 4 cows
Turn 553:
> gxnkwp
Grade: 1 bull and 5 cows
Turn 554:
> xgnkwp
Grade: 1 bull and 5 cows
Turn 555:
> ngxkwp
Grade: 3 bulls and 3 cows
Turn 556:
> gnxkwp
Grade: 2 bulls and 4 cows
Turn 557:
> gnkxwp
Grade: 1 bull and 5 cows
Turn 558:
> ngkxwp
Grade: 2 bulls and 4 cows
Turn 559:
> kgnxwp
Grade: 1 bull and 5 cows
Turn 560:
> gknxwp
Grade: 1 bull and 5 cows
Turn 561:
> nkgxwp
Grade: 2 bulls and 4 cows
Turn 562:
> kngxwp
Grade: 1 bull and 5 cows
Turn 563:
> wngxkp
Grade: 2 bulls and 4 cows
Turn 564:
> nwgxkp
Grade: 4 bulls and 2 cows
Turn 565:
> gwnxkp
Grade: 3 bulls and 3 cows
Turn 566:
> wgnxkp
Grade: 2 bulls and 4 cows
Turn 567:
> ngwxkp
Grade: 3 bulls and 3 cows
Turn 568:
> gnwxkp
Grade: 2 bulls and 4 cows
Turn 569:
> xnwgkp
Grade: 3 bulls and 3 cows
Turn 570:
> nxwgkp
Grade: 4 bulls and 2 cows
Turn 571:
> wxngkp
Grade: 3 bulls and 3 cows
Turn 572:
> xwngkp
Grade: 4 bulls and 2 cows
Turn 573:
> nwxgkp
Grade: 6 bulls
Congratulations! You guessed the secret code.
?[1;31m
Start test 7?[0m
Input the length of the secret code:
> 0
Error: the length of code should be between 1 and 36.
?[1;31m
Start test 8?[0m
Input the length of the secret code:
> 10
Input the number of possible symbols in the code:
> 9
?[1;31m
Start test 9?[0m
Input the length of the secret code:
> 9
Input the number of possible symbols in the code:
> 37
?[1;31m
Start test 10?[0m
Input the length of the secret code:
> abcdefg 1 -6
Error: "abcdefg 1 -6" isn't a valid number.
]]></system-out>
  <system-err><![CDATA[]]></system-err>
</testsuite>
